#
# There is insufficient memory for the Java Runtime Environment to continue.
# Native memory allocation (malloc) failed to allocate 880576 bytes for Chunk::new
# Possible reasons:
#   The system is out of physical RAM or swap space
#   In 32 bit mode, the process size limit was hit
# Possible solutions:
#   Reduce memory load on the system
#   Increase physical memory or swap space
#   Check if swap backing store is full
#   Use 64 bit Java on a 64 bit OS
#   Decrease Java heap size (-Xmx/-Xms)
#   Decrease number of Java threads
#   Decrease Java thread stack sizes (-Xss)
#   Set larger code cache with -XX:ReservedCodeCacheSize=
# This output file may be truncated or incomplete.
#
#  Out of Memory Error (allocation.cpp:323), pid=6816, tid=1448
#
# JRE version: Java(TM) SE Runtime Environment (7.0_80-b15) (build 1.7.0_80-b15)
# Java VM: Java HotSpot(TM) 64-Bit Server VM (24.80-b11 mixed mode windows-amd64 compressed oops)
# Failed to write core dump. Minidumps are not enabled by default on client versions of Windows
#

---------------  T H R E A D  ---------------

Current thread (0x0000000007e88800):  JavaThread "C2 CompilerThread0" daemon [_thread_in_native, id=1448, stack(0x0000000008dd0000,0x0000000008ed0000)]

Stack: [0x0000000008dd0000,0x0000000008ed0000]

Current CompileTask:
C2:   8171  120 %           com.sun.tools.javac.file.ZipFileIndex$ZipDirectory::readEntry @ 102 (587 bytes)


---------------  P R O C E S S  ---------------

Java Threads: ( => current thread )
  0x0000000007e93800 JavaThread "Service Thread" daemon [_thread_blocked, id=440, stack(0x0000000008fd0000,0x00000000090d0000)]
  0x0000000007e8f800 JavaThread "C2 CompilerThread1" daemon [_thread_blocked, id=4156, stack(0x0000000008ed0000,0x0000000008fd0000)]
=>0x0000000007e88800 JavaThread "C2 CompilerThread0" daemon [_thread_in_native, id=1448, stack(0x0000000008dd0000,0x0000000008ed0000)]
  0x0000000007e86800 JavaThread "Attach Listener" daemon [_thread_blocked, id=4424, stack(0x0000000008cd0000,0x0000000008dd0000)]
  0x0000000007e83000 JavaThread "Signal Dispatcher" daemon [_thread_blocked, id=3396, stack(0x0000000008bd0000,0x0000000008cd0000)]
  0x0000000007e49800 JavaThread "Finalizer" daemon [_thread_blocked, id=7616, stack(0x0000000008ad0000,0x0000000008bd0000)]
  0x0000000007e41800 JavaThread "Reference Handler" daemon [_thread_blocked, id=8928, stack(0x00000000089d0000,0x0000000008ad0000)]
  0x000000000294e800 JavaThread "main" [_thread_in_vm, id=8756, stack(0x0000000002a10000,0x0000000002b10000)]

Other Threads:
  0x0000000007e3d000 VMThread [stack: 0x00000000088d0000,0x00000000089d0000] [id=5488]
  0x0000000007ea4000 WatcherThread [stack: 0x00000000090d0000,0x00000000091d0000] [id=7260]

VM state:not at safepoint (normal execution)

VM Mutex/Monitor currently owned by a thread: None

Heap
 PSYoungGen      total 6656K, used 4621K [0x00000000f0500000, 0x00000000f1700000, 0x0000000100000000)
  eden space 6144K, 75% used [0x00000000f0500000,0x00000000f0983760,0x00000000f0b00000)
  from space 512K, 0% used [0x00000000f0b00000,0x00000000f0b00000,0x00000000f0b80000)
  to   space 3072K, 0% used [0x00000000f1400000,0x00000000f1400000,0x00000000f1700000)
 ParOldGen       total 12288K, used 4586K [0x00000000d1000000, 0x00000000d1c00000, 0x00000000f0500000)
  object space 12288K, 37% used [0x00000000d1000000,0x00000000d147a940,0x00000000d1c00000)
 PSPermGen       total 21504K, used 6485K [0x00000000cbe00000, 0x00000000cd300000, 0x00000000d1000000)
  object space 21504K, 30% used [0x00000000cbe00000,0x00000000cc455418,0x00000000cd300000)

Card table byte_map: [0x0000000005cd0000,0x0000000005e80000] byte_map_base: 0x0000000005671000

Polling page: 0x0000000002890000

Code Cache  [0x0000000002c10000, 0x0000000002e80000, 0x0000000005c10000)
 total_blobs=344 nmethods=120 adapters=177 free_code_cache=48419Kb largest_free_block=49554240

Compilation events (10 events):
Event: 7.926 Thread 0x0000000007e88800  117             java.util.ComparableTimSort::binarySort (223 bytes)
Event: 7.933 Thread 0x0000000007e8f800 nmethod 103 0x0000000002cc8a90 code [0x0000000002cc8de0, 0x0000000002ccb188]
Event: 7.941 Thread 0x0000000007e88800 nmethod 117 0x0000000002cb7190 code [0x0000000002cb7320, 0x0000000002cb7b78]
Event: 7.947 Thread 0x0000000007e8f800  118             com.sun.tools.javac.file.ZipFileIndex$ZipDirectory::buildIndex (204 bytes)
Event: 7.948 Thread 0x0000000007e88800  119             com.sun.tools.javac.util.List::nil (4 bytes)
Event: 7.948 Thread 0x0000000007e88800 nmethod 119 0x0000000002cabfd0 code [0x0000000002cac100, 0x0000000002cac158]
Event: 7.963 Thread 0x0000000007e88800  120 %           com.sun.tools.javac.file.ZipFileIndex$ZipDirectory::readEntry @ 102 (587 bytes)
Event: 8.000 Thread 0x0000000007e8f800 nmethod 118 0x0000000002cc4650 code [0x0000000002cc4900, 0x0000000002cc54b8]
Event: 8.095 Thread 0x0000000007e8f800  121             java.util.ComparableTimSort::countRunAndMakeAscending (123 bytes)
Event: 8.115 Thread 0x0000000007e8f800 nmethod 121 0x0000000002cc3290 code [0x0000000002cc3440, 0x0000000002cc3c08]

GC Heap History (10 events):
Event: 4.753 GC heap before
{Heap before GC invocations=2 (full 0):
 PSYoungGen      total 3584K, used 3552K [0x00000000f0500000, 0x00000000f0900000, 0x0000000100000000)
  eden space 3072K, 100% used [0x00000000f0500000,0x00000000f0800000,0x00000000f0800000)
  from space 512K, 93% used [0x00000000f0800000,0x00000000f0878010,0x00000000f0880000)
  to   space 512K, 0% used [0x00000000f0880000,0x00000000f0880000,0x00000000f0900000)
 ParOldGen       total 5632K, used 264K [0x00000000d1000000, 0x00000000d1580000, 0x00000000f0500000)
  object space 5632K, 4% used [0x00000000d1000000,0x00000000d1042010,0x00000000d1580000)
 PSPermGen       total 21504K, used 4992K [0x00000000cbe00000, 0x00000000cd300000, 0x00000000d1000000)
  object space 21504K, 23% used [0x00000000cbe00000,0x00000000cc2e03c8,0x00000000cd300000)
Event: 4.760 GC heap after
Heap after GC invocations=2 (full 0):
 PSYoungGen      total 3584K, used 496K [0x00000000f0500000, 0x00000000f0c00000, 0x0000000100000000)
  eden space 3072K, 0% used [0x00000000f0500000,0x00000000f0500000,0x00000000f0800000)
  from space 512K, 96% used [0x00000000f0880000,0x00000000f08fc010,0x00000000f0900000)
  to   space 512K, 0% used [0x00000000f0800000,0x00000000f0800000,0x00000000f0880000)
 ParOldGen       total 5632K, used 472K [0x00000000d1000000, 0x00000000d1580000, 0x00000000f0500000)
  object space 5632K, 8% used [0x00000000d1000000,0x00000000d1076020,0x00000000d1580000)
 PSPermGen       total 21504K, used 4992K [0x00000000cbe00000, 0x00000000cd300000, 0x00000000d1000000)
  object space 21504K, 23% used [0x00000000cbe00000,0x00000000cc2e03c8,0x00000000cd300000)
}
Event: 5.205 GC heap before
{Heap before GC invocations=3 (full 0):
 PSYoungGen      total 3584K, used 3568K [0x00000000f0500000, 0x00000000f0c00000, 0x0000000100000000)
  eden space 3072K, 100% used [0x00000000f0500000,0x00000000f0800000,0x00000000f0800000)
  from space 512K, 96% used [0x00000000f0880000,0x00000000f08fc010,0x00000000f0900000)
  to   space 512K, 0% used [0x00000000f0800000,0x00000000f0800000,0x00000000f0880000)
 ParOldGen       total 5632K, used 472K [0x00000000d1000000, 0x00000000d1580000, 0x00000000f0500000)
  object space 5632K, 8% used [0x00000000d1000000,0x00000000d1076020,0x00000000d1580000)
 PSPermGen       total 21504K, used 5960K [0x00000000cbe00000, 0x00000000cd300000, 0x00000000d1000000)
  object space 21504K, 27% used [0x00000000cbe00000,0x00000000cc3d2020,0x00000000cd300000)
Event: 5.228 GC heap after
Heap after GC invocations=3 (full 0):
 PSYoungGen      total 3584K, used 512K [0x00000000f0500000, 0x00000000f0c00000, 0x0000000100000000)
  eden space 3072K, 0% used [0x00000000f0500000,0x00000000f0500000,0x00000000f0800000)
  from space 512K, 100% used [0x00000000f0800000,0x00000000f0880000,0x00000000f0880000)
  to   space 512K, 0% used [0x00000000f0b80000,0x00000000f0b80000,0x00000000f0c00000)
 ParOldGen       total 5632K, used 1367K [0x00000000d1000000, 0x00000000d1580000, 0x00000000f0500000)
  object space 5632K, 24% used [0x00000000d1000000,0x00000000d1155f48,0x00000000d1580000)
 PSPermGen       total 21504K, used 5960K [0x00000000cbe00000, 0x00000000cd300000, 0x00000000d1000000)
  object space 21504K, 27% used [0x00000000cbe00000,0x00000000cc3d2020,0x00000000cd300000)
}
Event: 5.478 GC heap before
{Heap before GC invocations=4 (full 0):
 PSYoungGen      total 3584K, used 3582K [0x00000000f0500000, 0x00000000f0c00000, 0x0000000100000000)
  eden space 3072K, 99% used [0x00000000f0500000,0x00000000f07ffa40,0x00000000f0800000)
  from space 512K, 100% used [0x00000000f0800000,0x00000000f0880000,0x00000000f0880000)
  to   space 512K, 0% used [0x00000000f0b80000,0x00000000f0b80000,0x00000000f0c00000)
 ParOldGen       total 5632K, used 1367K [0x00000000d1000000, 0x00000000d1580000, 0x00000000f0500000)
  object space 5632K, 24% used [0x00000000d1000000,0x00000000d1155f48,0x00000000d1580000)
 PSPermGen       total 21504K, used 6080K [0x00000000cbe00000, 0x00000000cd300000, 0x00000000d1000000)
  object space 21504K, 28% used [0x00000000cbe00000,0x00000000cc3f0330,0x00000000cd300000)
Event: 5.486 GC heap after
Heap after GC invocations=4 (full 0):
 PSYoungGen      total 6656K, used 496K [0x00000000f0500000, 0x00000000f0c00000, 0x0000000100000000)
  eden space 6144K, 0% used [0x00000000f0500000,0x00000000f0500000,0x00000000f0b00000)
  from space 512K, 96% used [0x00000000f0b80000,0x00000000f0bfc010,0x00000000f0c00000)
  to   space 512K, 0% used [0x00000000f0b00000,0x00000000f0b00000,0x00000000f0b80000)
 ParOldGen       total 5632K, used 1673K [0x00000000d1000000, 0x00000000d1580000, 0x00000000f0500000)
  object space 5632K, 29% used [0x00000000d1000000,0x00000000d11a2728,0x00000000d1580000)
 PSPermGen       total 21504K, used 6080K [0x00000000cbe00000, 0x00000000cd300000, 0x00000000d1000000)
  object space 21504K, 28% used [0x00000000cbe00000,0x00000000cc3f0330,0x00000000cd300000)
}
Event: 7.091 GC heap before
{Heap before GC invocations=5 (full 0):
 PSYoungGen      total 6656K, used 5931K [0x00000000f0500000, 0x00000000f0c00000, 0x0000000100000000)
  eden space 6144K, 88% used [0x00000000f0500000,0x00000000f0a4efc0,0x00000000f0b00000)
  from space 512K, 96% used [0x00000000f0b80000,0x00000000f0bfc010,0x00000000f0c00000)
  to   space 512K, 0% used [0x00000000f0b00000,0x00000000f0b00000,0x00000000f0b80000)
 ParOldGen       total 5632K, used 1673K [0x00000000d1000000, 0x00000000d1580000, 0x00000000f0500000)
  object space 5632K, 29% used [0x00000000d1000000,0x00000000d11a2728,0x00000000d1580000)
 PSPermGen       total 21504K, used 6474K [0x00000000cbe00000, 0x00000000cd300000, 0x00000000d1000000)
  object space 21504K, 30% used [0x00000000cbe00000,0x00000000cc452918,0x00000000cd300000)
Event: 7.105 GC heap after
Heap after GC invocations=5 (full 0):
 PSYoungGen      total 6656K, used 512K [0x00000000f0500000, 0x00000000f1700000, 0x0000000100000000)
  eden space 6144K, 0% used [0x00000000f0500000,0x00000000f0500000,0x00000000f0b00000)
  from space 512K, 100% used [0x00000000f0b00000,0x00000000f0b80000,0x00000000f0b80000)
  to   space 3072K, 0% used [0x00000000f1400000,0x00000000f1400000,0x00000000f1700000)
 ParOldGen       total 5632K, used 4497K [0x00000000d1000000, 0x00000000d1580000, 0x00000000f0500000)
  object space 5632K, 79% used [0x00000000d1000000,0x00000000d1464590,0x00000000d1580000)
 PSPermGen       total 21504K, used 6474K [0x00000000cbe00000, 0x00000000cd300000, 0x00000000d1000000)
  object space 21504K, 30% used [0x00000000cbe00000,0x00000000cc452918,0x00000000cd300000)
}
Event: 7.105 GC heap before
{Heap before GC invocations=6 (full 1):
 PSYoungGen      total 6656K, used 512K [0x00000000f0500000, 0x00000000f1700000, 0x0000000100000000)
  eden space 6144K, 0% used [0x00000000f0500000,0x00000000f0500000,0x00000000f0b00000)
  from space 512K, 100% used [0x00000000f0b00000,0x00000000f0b80000,0x00000000f0b80000)
  to   space 3072K, 0% used [0x00000000f1400000,0x00000000f1400000,0x00000000f1700000)
 ParOldGen       total 5632K, used 4497K [0x00000000d1000000, 0x00000000d1580000, 0x00000000f0500000)
  object space 5632K, 79% used [0x00000000d1000000,0x00000000d1464590,0x00000000d1580000)
 PSPermGen       total 21504K, used 6474K [0x00000000cbe00000, 0x00000000cd300000, 0x00000000d1000000)
  object space 21504K, 30% used [0x00000000cbe00000,0x00000000cc452918,0x00000000cd300000)
Event: 7.249 GC heap after
Heap after GC invocations=6 (full 1):
 PSYoungGen      total 6656K, used 0K [0x00000000f0500000, 0x00000000f1700000, 0x0000000100000000)
  eden space 6144K, 0% used [0x00000000f0500000,0x00000000f0500000,0x00000000f0b00000)
  from space 512K, 0% used [0x00000000f0b00000,0x00000000f0b00000,0x00000000f0b80000)
  to   space 3072K, 0% used [0x00000000f1400000,0x00000000f1400000,0x00000000f1700000)
 ParOldGen       total 12288K, used 4586K [0x00000000d1000000, 0x00000000d1c00000, 0x00000000f0500000)
  object space 12288K, 37% used [0x00000000d1000000,0x00000000d147a940,0x00000000d1c00000)
 PSPermGen       total 21504K, used 6470K [0x00000000cbe00000, 0x00000000cd300000, 0x00000000d1000000)
  object space 21504K, 30% used [0x00000000cbe00000,0x00000000cc451850,0x00000000cd300000)
}

Deoptimization events (10 events):
Event: 7.906 Thread 0x000000000294e800 Uncommon trap: reason=array_check action=maybe_recompile pc=0x0000000002cb4b20 method=java.util.ComparableTimSort.binarySort([Ljava/lang/Object;III)V @ 215
Event: 7.906 Thread 0x000000000294e800 Uncommon trap: reason=array_check action=maybe_recompile pc=0x0000000002cb4b20 method=java.util.ComparableTimSort.binarySort([Ljava/lang/Object;III)V @ 215
Event: 7.935 Thread 0x000000000294e800 Uncommon trap: reason=array_check action=maybe_recompile pc=0x0000000002cc2188 method=java.util.ComparableTimSort.binarySort([Ljava/lang/Object;III)V @ 193
Event: 7.935 Thread 0x000000000294e800 Uncommon trap: reason=unstable_if action=reinterpret pc=0x0000000002cac8fc method=com.sun.tools.javac.file.ZipFileIndex$Entry.compareTo(Lcom/sun/tools/javac/file/ZipFileIndex$Entry;)I @ 23
Event: 7.935 Thread 0x000000000294e800 Uncommon trap: reason=unstable_if action=reinterpret pc=0x0000000002cac3e8 method=com.sun.tools.javac.file.ZipFileIndex$Entry.compareTo(Lcom/sun/tools/javac/file/ZipFileIndex$Entry;)I @ 23
Event: 7.948 Thread 0x000000000294e800 Uncommon trap: reason=unstable_if action=reinterpret pc=0x0000000002ccacc4 method=java.util.ArrayList.ensureCapacityInternal(I)V @ 7
Event: 8.002 Thread 0x000000000294e800 Uncommon trap: reason=array_check action=maybe_recompile pc=0x0000000002cb7970 method=java.util.ComparableTimSort.binarySort([Ljava/lang/Object;III)V @ 183
Event: 8.003 Thread 0x000000000294e800 Uncommon trap: reason=unstable_if action=reinterpret pc=0x0000000002cab130 method=java.util.ArrayList.ensureCapacityInternal(I)V @ 7
Event: 8.005 Thread 0x000000000294e800 Uncommon trap: reason=array_check action=maybe_recompile pc=0x0000000002cb785c method=java.util.ComparableTimSort.binarySort([Ljava/lang/Object;III)V @ 193
Event: 8.006 Thread 0x000000000294e800 Uncommon trap: reason=unstable_if action=reinterpret pc=0x0000000002cad3c4 method=java.util.ArrayList.ensureCapacityInternal(I)V @ 7

Internal exceptions (10 events):
Event: 5.572 Thread 0x000000000294e800 Threw 0x00000000f0550b90 at C:\re\jdk7u80\2329\hotspot\src\share\vm\prims\jvm.cpp:1319
Event: 7.054 Thread 0x000000000294e800 Threw 0x00000000f0989a58 at C:\re\jdk7u80\2329\hotspot\src\share\vm\prims\jvm.cpp:1319
Event: 7.055 Thread 0x000000000294e800 Threw 0x00000000f098c0b0 at C:\re\jdk7u80\2329\hotspot\src\share\vm\prims\jvm.cpp:1319
Event: 7.060 Thread 0x000000000294e800 Threw 0x00000000f0a06ec8 at C:\re\jdk7u80\2329\hotspot\src\share\vm\prims\jvm.cpp:1319
Event: 7.062 Thread 0x000000000294e800 Threw 0x00000000f0a14350 at C:\re\jdk7u80\2329\hotspot\src\share\vm\prims\jvm.cpp:1319
Event: 7.064 Thread 0x000000000294e800 Threw 0x00000000f0a18508 at C:\re\jdk7u80\2329\hotspot\src\share\vm\prims\jvm.cpp:1319
Event: 7.737 Thread 0x000000000294e800 Implicit null exception at 0x0000000002cb9cf7 to 0x0000000002cbaf05
Event: 7.945 Thread 0x000000000294e800 Threw 0x00000000f09103c0 at C:\re\jdk7u80\2329\hotspot\src\share\vm\prims\jni.cpp:717
Event: 7.946 Thread 0x000000000294e800 Threw 0x00000000f0910f68 at C:\re\jdk7u80\2329\hotspot\src\share\vm\prims\jvm.cpp:1319
Event: 8.091 Thread 0x000000000294e800 Threw 0x00000000f0953d48 at C:\re\jdk7u80\2329\hotspot\src\share\vm\prims\jni.cpp:717

Events (10 events):
Event: 8.002 Thread 0x000000000294e800 DEOPT UNPACKING pc=0x0000000002c49064 sp=0x0000000002b0e828 mode 2
Event: 8.003 Thread 0x000000000294e800 Uncommon trap: trap_request=0xffffff75 fr.pc=0x0000000002cab130
Event: 8.003 Thread 0x000000000294e800 DEOPT PACKING pc=0x0000000002cab130 sp=0x0000000002b0e950
Event: 8.003 Thread 0x000000000294e800 DEOPT UNPACKING pc=0x0000000002c49064 sp=0x0000000002b0e8a0 mode 2
Event: 8.005 Thread 0x000000000294e800 Uncommon trap: trap_request=0xffffffd6 fr.pc=0x0000000002cb785c
Event: 8.005 Thread 0x000000000294e800 DEOPT PACKING pc=0x0000000002cb785c sp=0x0000000002b0e860
Event: 8.005 Thread 0x000000000294e800 DEOPT UNPACKING pc=0x0000000002c49064 sp=0x0000000002b0e828 mode 2
Event: 8.006 Thread 0x000000000294e800 Uncommon trap: trap_request=0xffffff75 fr.pc=0x0000000002cad3c4
Event: 8.006 Thread 0x000000000294e800 DEOPT PACKING pc=0x0000000002cad3c4 sp=0x0000000002b0e900
Event: 8.006 Thread 0x000000000294e800 DEOPT UNPACKING pc=0x0000000002c49064 sp=0x0000000002b0e8a0 mode 2


Dynamic libraries:
0x00007ff75a160000 - 0x00007ff75a167000 	C:\Program Files\Java\jdk1.7.0_80\bin\javac.exe
0x00007ffac7060000 - 0x00007ffac723b000 	C:\WINDOWS\SYSTEM32\ntdll.dll
0x00007ffac6d50000 - 0x00007ffac6dfe000 	C:\WINDOWS\System32\KERNEL32.DLL
0x00007ffac40c0000 - 0x00007ffac4309000 	C:\WINDOWS\System32\KERNELBASE.dll
0x0000000051360000 - 0x000000005138b000 	C:\Program Files\Java\jdk1.7.0_80\bin\jli.dll
0x00007ffac6fb0000 - 0x00007ffac7051000 	C:\WINDOWS\System32\ADVAPI32.dll
0x00007ffac4920000 - 0x00007ffac49bd000 	C:\WINDOWS\System32\msvcrt.dll
0x00007ffac4df0000 - 0x00007ffac4e49000 	C:\WINDOWS\System32\sechost.dll
0x00007ffac4a90000 - 0x00007ffac4bb5000 	C:\WINDOWS\System32\RPCRT4.dll
0x00007ffac6e00000 - 0x00007ffac6f4a000 	C:\WINDOWS\System32\USER32.dll
0x00007ffac37f0000 - 0x00007ffac380e000 	C:\WINDOWS\System32\win32u.dll
0x00007ffac5580000 - 0x00007ffac55a7000 	C:\WINDOWS\System32\GDI32.dll
0x00007ffaba8d0000 - 0x00007ffabab37000 	C:\WINDOWS\WinSxS\amd64_microsoft.windows.common-controls_6595b64144ccf1df_6.0.15063.483_none_26002d27e7c744a2\COMCTL32.dll
0x00007ffac43c0000 - 0x00007ffac4548000 	C:\WINDOWS\System32\gdi32full.dll
0x00007ffac45c0000 - 0x00007ffac48b9000 	C:\WINDOWS\System32\combase.dll
0x00007ffac3750000 - 0x00007ffac37ea000 	C:\WINDOWS\System32\msvcp_win.dll
0x00007ffac3fc0000 - 0x00007ffac40b6000 	C:\WINDOWS\System32\ucrtbase.dll
0x00007ffac4550000 - 0x00007ffac45ba000 	C:\WINDOWS\System32\bcryptPrimitives.dll
0x0000000051280000 - 0x0000000051352000 	C:\Program Files\Java\jdk1.7.0_80\bin\MSVCR100.dll
0x00007ffac4e70000 - 0x00007ffac4e9d000 	C:\WINDOWS\System32\IMM32.DLL
0x00000000511a0000 - 0x0000000051272000 	C:\Program Files\Java\jdk1.7.0_80\jre\bin\msvcr100.dll
0x00000000509c0000 - 0x0000000051199000 	C:\Program Files\Java\jdk1.7.0_80\jre\bin\server\jvm.dll
0x00007ffac5090000 - 0x00007ffac5098000 	C:\WINDOWS\System32\PSAPI.DLL
0x00007ffabf7d0000 - 0x00007ffabf7d9000 	C:\WINDOWS\SYSTEM32\WSOCK32.dll
0x00007ffac18d0000 - 0x00007ffac18f3000 	C:\WINDOWS\SYSTEM32\WINMM.dll
0x00007ffac4bc0000 - 0x00007ffac4c2c000 	C:\WINDOWS\System32\WS2_32.dll
0x00007ffac1870000 - 0x00007ffac189b000 	C:\WINDOWS\SYSTEM32\WINMMBASE.dll
0x00007ffac4310000 - 0x00007ffac4359000 	C:\WINDOWS\System32\cfgmgr32.dll
0x00000000509b0000 - 0x00000000509bf000 	C:\Program Files\Java\jdk1.7.0_80\jre\bin\verify.dll
0x0000000050980000 - 0x00000000509a8000 	C:\Program Files\Java\jdk1.7.0_80\jre\bin\java.dll
0x0000000050960000 - 0x0000000050976000 	C:\Program Files\Java\jdk1.7.0_80\jre\bin\zip.dll

VM Arguments:
jvm_args: -Dapplication.home=C:\Program Files\Java\jdk1.7.0_80 -Xms8m 
java_command: com.sun.tools.javac.Main -d C:\Users\jorge\Documents\NetBeansProjects\hidra\build\classes -classpath C:\Users\jorge\Documents\NetBeansProjects\hidra\build\classes;C:\Program Files\NetBeans 8.2\java\modules\ext\eclipselink\eclipselink.jar;C:\Program Files\NetBeans 8.2\java\modules\ext\eclipselink\javax.persistence_2.1.0.v201304241213.jar;C:\Program Files\NetBeans 8.2\java\modules\ext\eclipselink\org.eclipse.persistence.jpa.jpql_2.5.2.v20140319-9ad6abd.jar;C:\Users\jorge\Downloads\jcalendar-1.3.3.jar\jcalendar-1.3.3.jar;C:\Users\jorge\Downloads\httpcomponents-client-4.5.3\lib\commons-logging-1.2.jar;C:\Users\jorge\Downloads\httpcomponents-client-4.5.3\lib\commons-codec-1.9.jar;C:\Users\jorge\Downloads\httpcomponents-client-4.5.3\lib\httpclient-4.5.3.jar;C:\Users\jorge\Downloads\httpcomponents-client-4.5.3\lib\httpcore-4.4.6.jar;C:\Users\jorge\Downloads\Util (1)\Util\Util.jar;C:\Users\jorge\Downloads\json-simple-1.1.1.jar;C:\Program Files\NetBeans 8.2\java\modules\ext\AbsoluteLayout.jar -sourcepath C:\Users\jorge\Documents\NetBeansProjects\hidra\build\empty -target 1.7 -encoding UTF-8 -g -processorpath C:\Program Files\NetBeans 8.2\java\modules\ext\eclipselink\eclipselink.jar;C:\Program Files\NetBeans 8.2\java\modules\ext\eclipselink\javax.persistence_2.1.0.v201304241213.jar;C:\Program Files\NetBeans 8.2\java\modules\ext\eclipselink\org.eclipse.persistence.jpa.jpql_2.5.2.v20140319-9ad6abd.jar;C:\Users\jorge\Downloads\jcalendar-1.3.3.jar\jcalendar-1.3.3.jar;C:\Users\jorge\Downloads\httpcomponents-client-4.5.3\lib\commons-logging-1.2.jar;C:\Users\jorge\Downloads\httpcomponents-client-4.5.3\lib\commons-codec-1.9.jar;C:\Users\jorge\Downloads\httpcomponents-client-4.5.3\lib\httpclient-4.5.3.jar;C:\Users\jorge\Downloads\httpcomponents-client-4.5.3\lib\httpcore-4.4.6.jar;C:\Users\jorge\Downloads\Util (1)\Util\Util.jar;C:\Users\jorge\Downloads\json-simple-1.1.1.jar;C:\Program Files\NetBeans 8.2\java\modules\ext\AbsoluteLayout.jar;C:\Users\jorge\Documents\NetBea
Launcher Type: SUN_STANDARD

Environment Variables:
PATH=C:\ProgramData\Oracle\Java\javapath;C:\Program Files\Broadcom\Broadcom 802.11\Driver;C:\WINDOWS\system32;C:\WINDOWS;C:\WINDOWS\System32\Wbem;C:\WINDOWS\System32\WindowsPowerShell\v1.0\;C:\Program Files\Git\cmd;C:\wamp64\bin\php\php7.0.10;C:\wamp64\bin\php\php5.6.25;C:\ProgramData\ComposerSetup\bin;C:\Program Files\nodejs\;C:\Users\jorge\AppData\Local\Microsoft\WindowsApps;C:\Users\jorge\AppData\Roaming\Composer\vendor\bin;C:\Users\jorge\AppData\Roaming\npm
USERNAME=jorge
OS=Windows_NT
PROCESSOR_IDENTIFIER=Intel64 Family 6 Model 23 Stepping 10, GenuineIntel



---------------  S Y S T E M  ---------------

OS: Windows 8.1 , 64 bit Build 9600 

CPU:total 2 (2 cores per cpu, 1 threads per core) family 6 model 23 stepping 10, cmov, cx8, fxsr, mmx, sse, sse2, sse3, ssse3, tsc

Memory: 4k page, physical 3074992k(169444k free), swap 5122992k(4764k free)

vm_info: Java HotSpot(TM) 64-Bit Server VM (24.80-b11) for windows-amd64 JRE (1.7.0_80-b15), built on Apr 10 2015 11:26:34 by "java_re" with unknown MS VC++:1600

time: Mon Dec 04 13:22:26 2017
elapsed time: 8 seconds

